> Task :app:checkKotlinGradlePluginConfigurationErrors SKIPPED
> Task :app:preBuild UP-TO-DATE
> Task :app:preDebugBuild UP-TO-DATE
> Task :app:generateDebugBuildConfig UP-TO-DATE
> Task :app:checkDebugAarMetadata UP-TO-DATE
> Task :app:processDebugNavigationResources UP-TO-DATE
> Task :app:compileDebugNavigationResources UP-TO-DATE
> Task :app:generateDebugResValues UP-TO-DATE
> Task :app:processDebugGoogleServices UP-TO-DATE
> Task :app:mapDebugSourceSetPaths UP-TO-DATE
> Task :app:generateDebugResources UP-TO-DATE
> Task :app:mergeDebugResources UP-TO-DATE
> Task :app:packageDebugResources UP-TO-DATE
> Task :app:parseDebugLocalResources UP-TO-DATE
> Task :app:createDebugCompatibleScreenManifests UP-TO-DATE
> Task :app:extractDeepLinksDebug UP-TO-DATE
> Task :app:processDebugMainManifest UP-TO-DATE
> Task :app:processDebugManifest UP-TO-DATE
> Task :app:processDebugManifestForPackage UP-TO-DATE
> Task :app:processDebugResources UP-TO-DATE
> Task :app:kspDebugKotlin UP-TO-DATE

> Task :app:compileDebugKotlin FAILED
e: file:///C:/Users/user/OneDrive/Documents/Android%20Studio/ZyberAuto/app/src/main/java/com/example/zyberauto/presentation/customer/CustomerShell.kt:199:66 @Composable invocations can only happen from the context of a @Composable function
e: file:///C:/Users/user/OneDrive/Documents/Android%20Studio/ZyberAuto/app/src/main/java/com/example/zyberauto/presentation/customer/bookings/CustomerBookingsScreen.kt:381:43 Unresolved reference 'Chat'.
e: file:///C:/Users/user/OneDrive/Documents/Android%20Studio/ZyberAuto/app/src/main/java/com/example/zyberauto/presentation/customer/bookings/CustomerBookingsScreen.kt:403:39 Unresolved reference 'Chat'.
e: file:///C:/Users/user/OneDrive/Documents/Android%20Studio/ZyberAuto/app/src/main/java/com/example/zyberauto/presentation/secretary/customers/CustomersScreen.kt:85:76 Unresolved reference 'userId'.
e: file:///C:/Users/user/OneDrive/Documents/Android%20Studio/ZyberAuto/app/src/main/java/com/example/zyberauto/presentation/secretary/customers/CustomersScreen.kt:145:93 Unresolved reference 'Chat'.

[Incubating] Problems report is available at: file:///C:/Users/user/OneDrive/Documents/Android%20Studio/ZyberAuto/build/reports/problems/problems-report.html

FAILURE: Build failed with an exception.

* What went wrong:
Execution failed for task ':app:compileDebugKotlin'.
> A failure occurred while executing org.jetbrains.kotlin.compilerRunner.GradleCompilerRunnerWithWorkers$GradleKotlinCompilerWorkAction
   > Compilation error. See log for more details

* Try:
> Run with --stacktrace option to get the stack trace.
> Run with --info or --debug option to get more log output.
> Run with --scan to generate a Build Scan (Powered by Develocity).
> Get more help at https://help.gradle.org.

Deprecated Gradle features were used in this build, making it incompatible with Gradle 10.

You can use '--warning-mode all' to show the individual deprecation warnings and determine if they come from your own scripts or plugins.

For more on this, please refer to https://docs.gradle.org/9.1.0/userguide/command_line_interface.html#sec:command_line_warnings in the Gradle documentation.

BUILD FAILED in 5s
19 actionable tasks: 1 executed, 18 up-to-date
